Reading netlist file: "C:\Users\bas\Desktop\TangNano-20K-example-main\hdmi\impl\gwsynthesis\hdmi.vg"
Parsing netlist file "C:\Users\bas\Desktop\TangNano-20K-example-main\hdmi\impl\gwsynthesis\hdmi.vg" completed
WARN  (PA1003) : Invalid parameterized value 'GW2AR-18C'(DEVICE) specified for instance 'video/u_tmds_rpll/rpll_inst'
Processing netlist completed
Reading constraint file: "C:\Users\bas\Desktop\TangNano-20K-example-main\hdmi\src\hdmi.cst"
Physical Constraint parsed completed
Running placement......
[10%] Placement Phase 0 completed
[20%] Placement Phase 1 completed
[30%] Placement Phase 2 completed
[50%] Placement Phase 3 completed
Running routing......
[60%] Routing Phase 0 completed
[70%] Routing Phase 1 completed
[80%] Routing Phase 2 completed
[90%] Routing Phase 3 completed
Running timing analysis......
[95%] Timing analysis completed
Placement and routing completed
Bitstream generation in progress......
Bitstream generation completed
Running power analysis......
[100%] Power analysis completed
Generate file "C:\Users\bas\Desktop\TangNano-20K-example-main\hdmi\impl\pnr\hdmi.power.html" completed
Generate file "C:\Users\bas\Desktop\TangNano-20K-example-main\hdmi\impl\pnr\hdmi.pin.html" completed
Generate file "C:\Users\bas\Desktop\TangNano-20K-example-main\hdmi\impl\pnr\hdmi.rpt.html" completed
Generate file "C:\Users\bas\Desktop\TangNano-20K-example-main\hdmi\impl\pnr\hdmi.rpt.txt" completed
Generate file "C:\Users\bas\Desktop\TangNano-20K-example-main\hdmi\impl\pnr\hdmi.tr.html" completed
Fri Apr 12 21:58:52 2024

